Arguments: 
  /Users/peter/.nvm/versions/node/v16.13.0/bin/node /Users/peter/.nvm/versions/node/v16.13.0/bin/yarn

PATH: 
  /opt/homebrew/opt/postgresql@11/bin:/Users/peter/.nvm/versions/node/v16.13.0/bin:/opt/homebrew/bin:/opt/homebrew/sbin:/usr/local/bin:/usr/bin:/bin:/usr/sbin:/sbin:/opt/homebrew/opt/postgresql@11/bin:/Users/peter/.nvm/versions/node/v16.13.0/bin:/opt/homebrew/bin:/opt/homebrew/sbin:/Users/peter/.cargo/bin

Yarn version: 
  1.22.17

Node version: 
  16.13.0

Platform: 
  darwin arm64

Trace: 
  SyntaxError: /Users/peter/git/polyfind/package.json: Unexpected token } in JSON at position 943
      at JSON.parse (<anonymous>)
      at /Users/peter/.nvm/versions/node/v16.13.0/lib/node_modules/yarn/lib/cli.js:1625:59
      at Generator.next (<anonymous>)
      at step (/Users/peter/.nvm/versions/node/v16.13.0/lib/node_modules/yarn/lib/cli.js:310:30)
      at /Users/peter/.nvm/versions/node/v16.13.0/lib/node_modules/yarn/lib/cli.js:321:13

npm manifest: 
  {
    "name": "nomial",
    "version": "1.0.8",
    "description": "A TypeScript implementation of High-Performance Polynomial Root Finding for Graphics (Yuksel 2022)",
    "main": "dist/index.js",
    "types": "dist/index.d.ts",
    "homepage": "https://github.com/pboyer/nomial",
    "repository": {
      "type": "git",
      "url": "git://github.com/pboyer/nomial.git"
    },
    "scripts": {
      "test": "ts-node test/index.ts",
      "build": "tsc && cp dist/index.js examples/nomial.js",
      "publish": "yarn build",
      "benchmark": "ts-node benchmark/index.ts"
    },
    "keywords": [
      "polynomial",
      "roots",
      "root-finding",
      "math"
    ],
    "files": [
      "/dist"
    ],
    "author": "Peter Boyer",
    "license": "MIT",
    "devDependencies": {
      "@types/node": "^18.0.4",
      "typescript": "^4.7.4",
      "rollup": "^2.76.0",
      "@rollup/plugin-buble": "^0.21.1",
      "@rollup/plugin-node-resolve": "^7.1.1",
      "rollup-plugin-terser": "^5.3.0"
    },
  }

yarn manifest: 
  No manifest

Lockfile: 
  # THIS IS AN AUTOGENERATED FILE. DO NOT EDIT THIS FILE DIRECTLY.
  # yarn lockfile v1
  
  
  "@types/node@^18.0.4":
    version "18.0.4"
    resolved "https://registry[1]arnpkg.com/@types/node/-/node-18.0.4.tgz#48aedbf35efb3af1248e4cd4d792c730290cd5d6"
    integrity sha512-M0+G6V0Y4YV8cqzHssZpaNCqvYwlCiulmm0PwpNLF55r/+cT8Ol42CHRU1SEaYFH2rTwiiE1aYg/2g2rrtGdPA==
  
  fsevents@~2.3.2:
    version "2.3.2"
    resolved "https://registry[1]arnpkg.com/fsevents/-/fsevents-2.3.2.tgz#8a526f78b8fdf4623b709e0b975c52c24c02fd1a"
    integrity sha512-xiqMQR4xAeHTuB9uWm+fFRcIOgKBMiOBP+eXiyT7jsgVCq1bkVygt00oASowB7EdtpOHaaPgKt812P9ab+DDKA==
  
  rollup@^2.76.0:
    version "2.76.0"
    resolved "https://registry[1]arnpkg.com/rollup/-/rollup-2.76.0.tgz#c69fe03db530ac53fcb9523b3caa0d3c0b9491a1"
    integrity sha512-9jwRIEY1jOzKLj3nsY/yot41r19ITdQrhs+q3ggNWhr9TQgduHqANvPpS32RNpzGklJu3G1AJfvlZLi/6wFgWA==
    optionalDependencies:
      fsevents "~2.3.2"
  
  typescript@^4.7.4:
    version "4.7.4"
    resolved "https://registry[1]arnpkg.com/typescript/-/typescript-4.7.4.tgz#1a88596d1cf47d59507a1bcdfb5b9dfe4d488235"
    integrity sha512-C0WQT0gezHuw6AdY1M2jxUO83Rjf0HP7Sk1DtXj6j1EwkQNZrHAg2XPWlq62oqEhYvONq5pkC2Y9oPljWToLmQ==
